<?xml version="1.0" encoding="UTF-8"?>
<!-- Generated by org.testng.reporters.JUnitReportReporter -->
<testsuite hostname="DESKTOP-K65D9U0" failures="0" tests="10" name="com.runner.MyRunner" time="0.186" errors="0" timestamp="15 Mar 2022 19:15:06 GMT" skipped="0">
  <testcase classname="com.runner.MyRunner" name="runScenario" time="0.004"/>
  <testcase classname="com.runner.MyRunner" name="runScenario" time="0.004"/>
  <testcase classname="com.runner.MyRunner" name="runScenario" time="0.004"/>
  <testcase classname="com.runner.MyRunner" name="runScenario" time="0.003"/>
  <testcase classname="com.runner.MyRunner" name="runScenario" time="0.002"/>
  <testcase classname="com.runner.MyRunner" name="runScenario" time="0.157"/>
  <testcase classname="com.runner.MyRunner" name="runScenario" time="0.002"/>
  <testcase classname="com.runner.MyRunner" name="runScenario" time="0.002"/>
  <testcase classname="com.runner.MyRunner" name="runScenario" time="0.004"/>
  <testcase classname="com.runner.MyRunner" name="runScenario" time="0.004"/>
</testsuite> <!-- com.runner.MyRunner -->
